/*C2*/SET SCHEMA PUBLIC
INSERT INTO PERSON VALUES(299,'1997-11-07 09:12:13.189000','mohamed.chaabane@hotmail.fr','Mohamed','CHAABANE','1234','google.fr')
COMMIT
/*C3*/SET SCHEMA PUBLIC
DELETE FROM HIBERNATE_SEQUENCES WHERE SEQUENCE_NAME='activity' AND SEQUENCE_NEXT_HI_VALUE=7
INSERT INTO HIBERNATE_SEQUENCES VALUES('activity',8)
COMMIT
/*C2*/INSERT INTO ACTIVITY VALUES(19,NULL,NULL,'Titre',NULL,2019,NULL,NULL,NULL,229376,299)
COMMIT
DELETE FROM ACTIVITY WHERE ID=19
DELETE FROM PERSON WHERE PERSON_ID=299
COMMIT
INSERT INTO PERSON VALUES(300,'1997-11-07 09:12:13.340000','mohamed.chaabane@hotmail.fr','Mohamed','CHAABANE','1234','google.fr')
COMMIT
INSERT INTO PERSON VALUES(301,'1997-11-07 09:12:13.340000','aaa.bbb@hotmail.fr','aaa','bbb','1234','google.fr')
COMMIT
INSERT INTO PERSON VALUES(302,'1997-11-07 09:12:13.340000','ccc.ddd@hotmail.fr','ccc','ddd','1234','google.fr')
COMMIT
DELETE FROM PERSON WHERE PERSON_ID=300
DELETE FROM PERSON WHERE PERSON_ID=301
DELETE FROM PERSON WHERE PERSON_ID=302
COMMIT
INSERT INTO PERSON VALUES(303,'1997-11-07 09:12:13.408000','mohamed.chaabane@hotmail.fr','Mohamed','CHAABANE','1234','google.fr')
COMMIT
INSERT INTO PERSON VALUES(304,'1997-11-07 09:12:13.408000','aaa.bbb@hotmail.fr','aaa','bbb','1234','google.fr')
COMMIT
DELETE FROM PERSON WHERE PERSON_ID=303
DELETE FROM PERSON WHERE PERSON_ID=304
COMMIT
INSERT INTO PERSON VALUES(305,'1997-11-07 09:12:13.443000','mohamed.chaabane@hotmail.fr','Mohamed','CHAABANE','1234','google.fr')
COMMIT
INSERT INTO PERSON VALUES(306,'1997-11-07 09:12:13.443000','aaa.bbb@hotmail.fr','aaa','bbb','1234','google.fr')
COMMIT
INSERT INTO PERSON VALUES(307,'1997-11-07 09:12:13.443000','ccc.ddd@hotmail.fr','ccc','ddd','1234','google.fr')
COMMIT
DELETE FROM PERSON WHERE PERSON_ID=305
DELETE FROM PERSON WHERE PERSON_ID=306
DELETE FROM PERSON WHERE PERSON_ID=307
COMMIT
INSERT INTO PERSON VALUES(308,'1997-11-07 09:12:13.479000','mohamed.chaabane@hotmail.fr','Mohamed','CHAABANE','1234','google.fr')
COMMIT
INSERT INTO PERSON VALUES(309,'1997-11-07 09:12:13.479000','aaa.bbb@hotmail.fr','aaa','bbb','1234','google.fr')
COMMIT
DELETE FROM PERSON WHERE PERSON_ID=308
DELETE FROM PERSON WHERE PERSON_ID=309
COMMIT
INSERT INTO PERSON VALUES(310,'1997-11-07 09:12:13.506000','mohamed.chaabane@hotmail.fr','Mohamed','CHAABANE','1234','google.fr')
COMMIT
DELETE FROM PERSON WHERE PERSON_ID=310
INSERT INTO PERSON VALUES(310,'1997-11-07 09:12:13.506000','mohamed.chaabane@hotmail.fr','Mohamed','CHAABANE','1234','google.com')
COMMIT
DELETE FROM PERSON WHERE PERSON_ID=310
COMMIT
INSERT INTO PERSON VALUES(311,'1997-11-07 09:12:13.535000','mohamed.chaabane@hotmail.fr','Mohamed','CHAABANE','1234','google.fr')
COMMIT
INSERT INTO ACTIVITY VALUES(20,NULL,NULL,'Titre',NULL,2019,NULL,NULL,NULL,229377,311)
COMMIT
INSERT INTO PERSON VALUES(312,'1997-11-07 09:12:13.535000','aaa.bbb@hotmail.fr','aaa','bbb','1234','google.fr')
COMMIT
INSERT INTO ACTIVITY VALUES(21,NULL,NULL,'Titreazdazd',NULL,2019,NULL,NULL,NULL,229378,312)
COMMIT
INSERT INTO PERSON VALUES(313,'1997-11-07 09:12:13.535000','ccc.ddd@hotmail.fr','ccc','ddd','1234','google.fr')
COMMIT
DELETE FROM ACTIVITY WHERE ID=20
DELETE FROM PERSON WHERE PERSON_ID=311
DELETE FROM ACTIVITY WHERE ID=21
DELETE FROM PERSON WHERE PERSON_ID=312
DELETE FROM PERSON WHERE PERSON_ID=313
COMMIT
INSERT INTO PERSON VALUES(314,'1997-11-07 09:12:13.582000','mohamed.chaabane@hotmail.fr','Mohamed','CHAABANE','1234','google.fr')
COMMIT
INSERT INTO PERSON VALUES(315,'1997-11-07 09:12:13.582000','aaa.bbb@hotmail.fr','aaa','bbb','1234','google.fr')
COMMIT
INSERT INTO PERSON VALUES(316,'1997-11-07 09:12:13.582000','ccc.ddd@hotmail.fr','ccc','ddd','1234','google.fr')
COMMIT
DELETE FROM PERSON WHERE PERSON_ID=314
DELETE FROM PERSON WHERE PERSON_ID=315
DELETE FROM PERSON WHERE PERSON_ID=316
COMMIT
INSERT INTO PERSON VALUES(317,'1997-11-07 09:12:13.626000','mohamed.chaabane@hotmail.fr','Mohamed','CHAABANE','1234','google.fr')
COMMIT
DELETE FROM PERSON WHERE PERSON_ID=317
COMMIT
INSERT INTO PERSON VALUES(318,'1997-11-07 09:12:13.651000','mohamed.chaabane@hotmail.fr','Mohamed','CHAABANE','1234','google.fr')
COMMIT
INSERT INTO PERSON VALUES(319,'1997-11-07 09:12:13.651000','aaa.bbb@hotmail.fr','aaa','bbb','1234','google.fr')
COMMIT
INSERT INTO PERSON VALUES(320,'1997-11-07 09:12:13.651000','ccc.ddd@hotmail.fr','ccc','ddd','1234','google.fr')
COMMIT
DELETE FROM PERSON WHERE PERSON_ID=318
DELETE FROM PERSON WHERE PERSON_ID=319
DELETE FROM PERSON WHERE PERSON_ID=320
COMMIT
